<?xml version="1.0" encoding="UTF-8"?>
<testng-results ignored="0" total="1" passed="1" failed="0" skipped="0">
  <reporter-output>
  </reporter-output>
  <suite started-at="2024-09-24T21:15:33 BST" name="Swag Labs Order suite" finished-at="2024-09-24T21:16:35 BST" duration-ms="62701">
    <groups>
    </groups>
    <test started-at="2024-09-24T21:15:33 BST" name="SwagLabsTest" finished-at="2024-09-24T21:16:35 BST" duration-ms="62701">
      <class name="tests.swagLabsTest">
        <test-method is-config="true" signature="setUp()[pri:0, instance:tests.swagLabsTest@5afa3c9]" started-at="2024-09-24T21:15:10 BST" name="setUp" finished-at="2024-09-24T21:15:33 BST" duration-ms="22877" status="PASS">
          <reporter-output>
          </reporter-output>
        </test-method> <!-- setUp -->
        <test-method signature="verifySauceDemo_ThankYouOrderTest(java.lang.String,java.lang.String)[pri:0, instance:tests.swagLabsTest@5afa3c9]" started-at="2024-09-24T21:15:33 BST" name="verifySauceDemo_ThankYouOrderTest" data-provider="loginCredentials" finished-at="2024-09-24T21:16:34 BST" duration-ms="61587" status="PASS">
          <params>
            <param index="0">
              <value>
                <![CDATA[standard_user]]>
              </value>
            </param>
            <param index="1">
              <value>
                <![CDATA[secret_sauce]]>
              </value>
            </param>
          </params>
          <reporter-output>
          </reporter-output>
        </test-method> <!-- verifySauceDemo_ThankYouOrderTest -->
        <test-method is-config="true" signature="tearDown()[pri:0, instance:tests.swagLabsTest@5afa3c9]" started-at="2024-09-24T21:16:34 BST" name="tearDown" finished-at="2024-09-24T21:16:35 BST" duration-ms="1045" status="PASS">
          <reporter-output>
          </reporter-output>
        </test-method> <!-- tearDown -->
      </class> <!-- tests.swagLabsTest -->
    </test> <!-- SwagLabsTest -->
  </suite> <!-- Swag Labs Order suite -->
</testng-results>
